This is pdfTeX, Version 3.14159265-2.6-1.40.21 (TeX Live 2020) (preloaded format=latex 2020.4.7)  7 APR 2022 17:21
entering extended mode
 \write18 enabled.
 %&-line parsing enabled.
**\makeatletter\def\HCode{\futurelet\HCode\HChar}\def\HChar{\ifx"\HCode\def\HCode"##1"{\Link##1}\expandafter\HCode\else\expandafter\Link\fi}\def\Link#1.a.b.c.{\g@addto@macro\@documentclasshook{\RequirePackage[#1,html]{tex4ht}}\let\HCode\documentstyle\def\documentstyle{\let\documentstyle\HCode\expandafter\def\csname tex4ht\endcsname{#1,html}\def\HCode####1{\documentstyle[tex4ht,}\@ifnextchar[{\HCode}{\documentstyle[tex4ht]}}}\makeatother\HCode cctwMoM.cfg,svg            ,charset=utf-8,html5.a.b.c.\input "\detokenize{cctwMoM}"
(./cctwMoM.tex (./econtexRoot.tex (./Resources/econtexPaths.tex)) (./Resources/texmf-local/tex/latex/econtex.cls
Document Class: ./Resources/texmf-local/tex/latex/econtex 2017/08/01 LaTeX class for economics papers, handouts, and exam questions written by Christopher Carroll
(/usr/local/texlive/texmf-local/tex/latex/snapshot.sty
Package: snapshot 2002/03/05 v1.14
) (/usr/local/texlive/2020/texmf-dist/tex/latex/base/ifthen.sty
Package: ifthen 2014/09/29 v1.1c Standard LaTeX ifthen package (DPC)
) (/usr/local/texlive/2020/texmf-dist/tex/latex/changepage/changepage.sty
Package: changepage 2009/10/20 v1.0c check page and change page layout
\c@cp@cntr=\count167
\cp@tempcnt=\count168
) (/usr/local/texlive/2020/texmf-dist/tex/latex/setspace/setspace.sty
Package: setspace 2011/12/19 v6.7a set line spacing
)
\c@IncludeTitlePage=\count169
(/usr/local/texlive/2020/texmf-dist/tex/latex/koma-script/scrartcl.cls
Document Class: scrartcl 2020/01/24 v3.29 KOMA-Script document class (article)
(/usr/local/texlive/2020/texmf-dist/tex/latex/koma-script/scrkbase.sty
Package: scrkbase 2020/01/24 v3.29 KOMA-Script package (KOMA-Script-dependent basics and keyval usage)
(/usr/local/texlive/2020/texmf-dist/tex/latex/koma-script/scrbase.sty
Package: scrbase 2020/01/24 v3.29 KOMA-Script package (KOMA-Script-independent basics and keyval usage)
(/usr/local/texlive/2020/texmf-dist/tex/latex/graphics/keyval.sty
Package: keyval 2014/10/28 v1.15 key=value parser (DPC)
\KV@toks@=\toks15
) (/usr/local/texlive/2020/texmf-dist/tex/latex/koma-script/scrlfile.sty
Package: scrlfile 2020/01/24 v3.29 KOMA-Script package (loading files)
))) (/usr/local/texlive/2020/texmf-dist/tex/latex/koma-script/tocbasic.sty
Package: tocbasic 2020/01/24 v3.29 KOMA-Script package (handling toc-files)
\scr@dte@tocline@numberwidth=\skip47
\scr@dte@tocline@numbox=\box45
)
Package tocbasic Info: omitting babel extension for `toc'
(tocbasic)             because of feature `nobabel' available
(tocbasic)             for `toc' on input line 137.
Class scrartcl Info: File `scrsize12pt.clo' used to setup font sizes on input line 2212.
(/usr/local/texlive/2020/texmf-dist/tex/latex/koma-script/scrsize12pt.clo
File: scrsize12pt.clo 2020/01/24 v3.29 KOMA-Script font size class option (12pt)
) (/usr/local/texlive/2020/texmf-dist/tex/latex/koma-script/typearea.sty
Package: typearea 2020/01/24 v3.29 KOMA-Script package (type area)
\ta@bcor=\skip48
\ta@div=\count170
\ta@hblk=\skip49
\ta@vblk=\skip50
\ta@temp=\skip51
\footheight=\skip52
Package typearea Info: These are the values describing the layout:
(typearea)             DIV  = 12
(typearea)             BCOR = 0.0pt
(typearea)             \paperwidth      = 597.50793pt
(typearea)              \textwidth      = 448.13095pt
(typearea)              DIV departure   = -6%
(typearea)              \evensidemargin = 2.4185pt
(typearea)              \oddsidemargin  = 2.4185pt
(typearea)             \paperheight     = 845.04694pt
(typearea)              \textheight     = 635.5pt
(typearea)              \topmargin      = -41.72441pt
(typearea)              \headheight     = 18.125pt
(typearea)              \headsep        = 21.75pt
(typearea)              \topskip        = 12.0pt
(typearea)              \footskip       = 50.75pt
(typearea)              \baselineskip   = 14.5pt
(typearea)              on input line 1719.
)
\c@part=\count171
\c@section=\count172
\c@subsection=\count173
\c@subsubsection=\count174
\c@paragraph=\count175
\c@subparagraph=\count176
\scr@dte@section@maxnumwidth=\skip53
Class scrartcl Info: using compatibility default `runin=bysign'
(scrartcl)           for `\section on input line 4723.
Class scrartcl Info: using compatibility default `afterindent=bysign'
(scrartcl)           for `\section on input line 4723.
\scr@dte@part@maxnumwidth=\skip54
Class scrartcl Info: using compatibility default `afterindent=false'
(scrartcl)           for `\part on input line 4731.
\scr@dte@subsection@maxnumwidth=\skip55
Class scrartcl Info: using compatibility default `runin=bysign'
(scrartcl)           for `\subsection on input line 4741.
Class scrartcl Info: using compatibility default `afterindent=bysign'
(scrartcl)           for `\subsection on input line 4741.
\scr@dte@subsubsection@maxnumwidth=\skip56
Class scrartcl Info: using compatibility default `runin=bysign'
(scrartcl)           for `\subsubsection on input line 4751.
Class scrartcl Info: using compatibility default `afterindent=bysign'
(scrartcl)           for `\subsubsection on input line 4751.
\scr@dte@paragraph@maxnumwidth=\skip57
Class scrartcl Info: using compatibility default `runin=bysign'
(scrartcl)           for `\paragraph on input line 4761.
Class scrartcl Info: using compatibility default `afterindent=bysign'
(scrartcl)           for `\paragraph on input line 4761.
\scr@dte@subparagraph@maxnumwidth=\skip58
Class scrartcl Info: using compatibility default `runin=bysign'
(scrartcl)           for `\subparagraph on input line 4771.
Class scrartcl Info: using compatibility default `afterindent=bysign'
(scrartcl)           for `\subparagraph on input line 4771.
\abovecaptionskip=\skip59
\belowcaptionskip=\skip60
\c@pti@nb@sid@b@x=\box46
Package tocbasic Info: omitting babel extension for `lof'
(tocbasic)             because of feature `nobabel' available
(tocbasic)             for `lof' on input line 6002.
\scr@dte@figure@maxnumwidth=\skip61
\c@figure=\count177
Package tocbasic Info: omitting babel extension for `lot'
(tocbasic)             because of feature `nobabel' available
(tocbasic)             for `lot' on input line 6014.
\scr@dte@table@maxnumwidth=\skip62
\c@table=\count178
Class scrartcl Info: Redefining `\numberline' on input line 6178.
\bibindent=\dimen134
) (/usr/local/texlive/2020/texmf-dist/tex/latex/base/fontenc.sty
Package: fontenc 2020/02/11 v2.0o Standard LaTeX package
) (/usr/local/texlive/2020/texmf-dist/tex/generic/babel/babel.sty
Package: babel 2020/03/22 3.42 The Babel package
(/usr/local/texlive/2020/texmf-dist/tex/generic/babel/switch.def
File: switch.def 2020/03/22 3.42 Babel switching mechanism
) (/usr/local/texlive/2020/texmf-dist/tex/generic/babel-english/english.ldf
Language: english 2017/06/06 v3.3r English support from the babel system
(/usr/local/texlive/2020/texmf-dist/tex/generic/babel/babel.def
File: babel.def 2020/03/22 3.42 Babel common definitions
\babel@savecnt=\count179
\U@D=\dimen135
(/usr/local/texlive/2020/texmf-dist/tex/generic/babel/txtbabel.def)
\bbl@readstream=\read2
\bbl@dirlevel=\count180
)
Package babel Info: \l@canadian = using hyphenrules for english
(babel)             (\language0) on input line 102.
Package babel Info: \l@australian = using hyphenrules for ukenglish
(babel)             (\language21) on input line 105.
Package babel Info: \l@newzealand = using hyphenrules for ukenglish
(babel)             (\language21) on input line 108.
)) (/usr/local/texlive/2020/texmf-dist/tex/latex/tools/calc.sty
Package: calc 2017/05/25 v4.3 Infix arithmetic (KKT,FJ)
\calc@Acount=\count181
\calc@Bcount=\count182
\calc@Adimen=\dimen136
\calc@Bdimen=\dimen137
\calc@Askip=\skip63
\calc@Bskip=\skip64
LaTeX Info: Redefining \setlength on input line 80.
LaTeX Info: Redefining \addtolength on input line 81.
\calc@Ccount=\count183
\calc@Cskip=\skip65
) (/usr/local/texlive/2020/texmf-dist/tex/latex/cancel/cancel.sty
Package: cancel 2013/04/12 v2.2 Cancel math terms
) (/usr/local/texlive/2020/texmf-dist/tex/latex/tools/verbatim.sty
Package: verbatim 2019/11/10 v1.5r LaTeX2e package for verbatim enhancements
\every@verbatim=\toks16
\verbatim@line=\toks17
\verbatim@in@stream=\read3
) (/usr/local/texlive/2020/texmf-dist/tex/latex/amsmath/amsmath.sty
Package: amsmath 2020/01/20 v2.17e AMS math features
\@mathmargin=\skip66
For additional information on amsmath, use the `?' option.
(/usr/local/texlive/2020/texmf-dist/tex/latex/amsmath/amstext.sty
Package: amstext 2000/06/29 v2.01 AMS text
(/usr/local/texlive/2020/texmf-dist/tex/latex/amsmath/amsgen.sty
File: amsgen.sty 1999/11/30 v2.0 generic functions
\@emptytoks=\toks18
\ex@=\dimen138
)) (/usr/local/texlive/2020/texmf-dist/tex/latex/amsmath/amsbsy.sty
Package: amsbsy 1999/11/29 v1.2d Bold Symbols
\pmbraise@=\dimen139
) (/usr/local/texlive/2020/texmf-dist/tex/latex/amsmath/amsopn.sty
Package: amsopn 2016/03/08 v2.02 operator names
)
\inf@bad=\count184
LaTeX Info: Redefining \frac on input line 227.
\uproot@=\count185
\leftroot@=\count186
LaTeX Info: Redefining \overline on input line 389.
\classnum@=\count187
\DOTSCASE@=\count188
LaTeX Info: Redefining \ldots on input line 486.
LaTeX Info: Redefining \dots on input line 489.
LaTeX Info: Redefining \cdots on input line 610.
\Mathstrutbox@=\box47
\strutbox@=\box48
\big@size=\dimen140
LaTeX Font Info:    Redeclaring font encoding OML on input line 733.
LaTeX Font Info:    Redeclaring font encoding OMS on input line 734.
\macc@depth=\count189
\c@MaxMatrixCols=\count190
\dotsspace@=\muskip16
\c@parentequation=\count191
\dspbrk@lvl=\count192
\tag@help=\toks19
\row@=\count193
\column@=\count194
\maxfields@=\count195
\andhelp@=\toks20
\eqnshift@=\dimen141
\alignsep@=\dimen142
\tagshift@=\dimen143
\tagwidth@=\dimen144
\totwidth@=\dimen145
\lineht@=\dimen146
\@envbody=\toks21
\multlinegap=\skip67
\multlinetaggap=\skip68
\mathdisplay@stack=\toks22
LaTeX Info: Redefining \[ on input line 2859.
LaTeX Info: Redefining \] on input line 2860.
) (/usr/local/texlive/2020/texmf-dist/tex/latex/amsfonts/amssymb.sty
Package: amssymb 2013/01/14 v3.01 AMS font symbols
(/usr/local/texlive/2020/texmf-dist/tex/latex/amsfonts/amsfonts.sty
Package: amsfonts 2013/01/14 v3.01 Basic AMSFonts support
\symAMSa=\mathgroup4
\symAMSb=\mathgroup5
LaTeX Font Info:    Redeclaring math symbol \hbar on input line 98.
LaTeX Font Info:    Overwriting math alphabet `\mathfrak' in version `bold'
(Font)                  U/euf/m/n --> U/euf/b/n on input line 106.
)) (/usr/local/texlive/2020/texmf-dist/tex/latex/amscls/amsthm.sty
Package: amsthm 2017/10/31 v2.20.4
\thm@style=\toks23
\thm@bodyfont=\toks24
\thm@headfont=\toks25
\thm@notefont=\toks26
\thm@headpunct=\toks27
\thm@preskip=\skip69
\thm@postskip=\skip70
\thm@headsep=\skip71
\dth@everypar=\toks28
) (/usr/local/texlive/2020/texmf-dist/tex/latex/xpatch/xpatch.sty (/usr/local/texlive/2020/texmf-dist/tex/latex/l3kernel/expl3.sty
Package: expl3 2020-03-06 L3 programming layer (loader) 
(/usr/local/texlive/2020/texmf-dist/tex/latex/l3backend/l3backend-dvips.def
File: l3backend-dvips.def 2020-03-12 L3 backend support: dvips
\l__pdf_internal_box=\box49
\g__pdf_backend_object_int=\count196
\l__pdf_backend_content_box=\box50
\l__pdf_backend_model_box=\box51
\g__pdf_backend_annotation_int=\count197
\g__pdf_backend_link_int=\count198
\g__pdf_backend_link_sf_int=\count199
))
Package: xpatch 2020/03/25 v0.3a Extending etoolbox patching commands
(/usr/local/texlive/2020/texmf-dist/tex/latex/l3packages/xparse/xparse.sty
Package: xparse 2020-03-06 L3 Experimental document command parser
\l__xparse_current_arg_int=\count266
\g__xparse_grabber_int=\count267
\l__xparse_m_args_int=\count268
\l__xparse_v_nesting_int=\count269
) (/usr/local/texlive/2020/texmf-dist/tex/latex/etoolbox/etoolbox.sty
Package: etoolbox 2019/09/21 v2.5h e-TeX tools for LaTeX (JAW)
\etb@tempcnta=\count270
))
Class scrartcl Info: amsthm's \deferred@thm@head patched.
(/usr/local/texlive/2020/texmf-dist/tex/latex/threeparttable/threeparttable.sty
Package: threeparttable 2003/06/13  v 3.0
\@tempboxb=\box52
) (/usr/local/texlive/2020/texmf-dist/tex/latex/tools/dcolumn.sty
Package: dcolumn 2014/10/28 v1.06 decimal alignment package (DPC)
(/usr/local/texlive/2020/texmf-dist/tex/latex/tools/array.sty
Package: array 2019/08/31 v2.4l Tabular extension package (FMi)
\col@sep=\dimen147
\ar@mcellbox=\box53
\extrarowheight=\dimen148
\NC@list=\toks29
\extratabsurround=\skip72
\backup@length=\skip73
\ar@cellbox=\box54
)) (/usr/local/texlive/2020/texmf-dist/tex/latex/tools/multicol.sty
Package: multicol 2019/12/09 v1.8y multicolumn formatting (FMi)
\c@tracingmulticols=\count271
\mult@box=\box55
\multicol@leftmargin=\dimen149
\c@unbalance=\count272
\c@collectmore=\count273
\doublecol@number=\count274
\multicoltolerance=\count275
\multicolpretolerance=\count276
\full@width=\dimen150
\page@free=\dimen151
\premulticols=\dimen152
\postmulticols=\dimen153
\multicolsep=\skip74
\multicolbaselineskip=\skip75
\partial@page=\box56
\last@line=\box57
\maxbalancingoverflow=\dimen154
\mult@rightbox=\box58
\mult@grightbox=\box59
\mult@gfirstbox=\box60
\mult@firstbox=\box61
\@tempa=\box62
\@tempa=\box63
\@tempa=\box64
\@tempa=\box65
\@tempa=\box66
\@tempa=\box67
\@tempa=\box68
\@tempa=\box69
\@tempa=\box70
\@tempa=\box71
\@tempa=\box72
\@tempa=\box73
\@tempa=\box74
\@tempa=\box75
\@tempa=\box76
\@tempa=\box77
\@tempa=\box78
\@tempa=\box79
\@tempa=\box80
\@tempa=\box81
\@tempa=\box82
\@tempa=\box83
\@tempa=\box84
\@tempa=\box85
\@tempa=\box86
\@tempa=\box87
\@tempa=\box88
\@tempa=\box89
\@tempa=\box90
\@tempa=\box91
\@tempa=\box92
\@tempa=\box93
\@tempa=\box94
\@tempa=\box95
\@tempa=\box96
\@tempa=\box97
\@tempa=\box98
\c@minrows=\count277
\c@columnbadness=\count278
\c@finalcolumnbadness=\count279
\last@try=\dimen155
\multicolovershoot=\dimen156
\multicolundershoot=\dimen157
\mult@nat@firstbox=\box99
\colbreak@box=\box100
\mc@col@check@num=\count280
) (/usr/local/texlive/2020/texmf-dist/tex/latex/multirow/multirow.sty
Package: multirow 2019/05/31 v2.5 Span multiple rows of a table
\multirow@colwidth=\skip76
\multirow@cntb=\count281
\multirow@dima=\skip77
\bigstrutjot=\dimen158
) (/usr/local/texlive/2020/texmf-dist/tex/latex/booktabs/booktabs.sty
Package: booktabs 2020/01/12 v1.61803398 Publication quality tables
\heavyrulewidth=\dimen159
\lightrulewidth=\dimen160
\cmidrulewidth=\dimen161
\belowrulesep=\dimen162
\belowbottomsep=\dimen163
\aboverulesep=\dimen164
\abovetopsep=\dimen165
\cmidrulesep=\dimen166
\cmidrulekern=\dimen167
\defaultaddspace=\dimen168
\@cmidla=\count282
\@cmidlb=\count283
\@aboverulesep=\dimen169
\@belowrulesep=\dimen170
\@thisruleclass=\count284
\@lastruleclass=\count285
\@thisrulewidth=\dimen171
) (/usr/local/texlive/2020/texmf-dist/tex/latex/base/latexsym.sty
Package: latexsym 1998/08/17 v2.2e Standard LaTeX package (lasy symbols)
\symlasy=\mathgroup6
LaTeX Font Info:    Overwriting symbol font `lasy' in version `bold'
(Font)                  U/lasy/m/n --> U/lasy/b/n on input line 52.
) (/usr/local/texlive/2020/texmf-dist/tex/latex/tools/afterpage.sty
Package: afterpage 2014/10/28 v1.08 After-Page Package (DPC)
\AP@output=\toks30
\AP@partial=\box101
\AP@footins=\box102
) (/usr/local/texlive/2020/texmf-dist/tex/latex/enotez/enotez.sty (/usr/local/texlive/2020/texmf-dist/tex/latex/l3packages/l3keys2e/l3keys2e.sty
Package: l3keys2e 2020-03-06 LaTeX2e option processing using LaTeX3 keys
) (/usr/local/texlive/2020/texmf-dist/tex/latex/l3packages/xtemplate/xtemplate.sty
Package: xtemplate 2020-03-06 L3 Experimental prototype document functions
\l__xtemplate_tmp_dim=\dimen172
\l__xtemplate_tmp_int=\count286
\l__xtemplate_tmp_muskip=\muskip17
\l__xtemplate_tmp_skip=\skip78
)
Package: enotez 2020/01/16 v0.10b Endnotes for LaTeX2e
\l__enotez_list_preamble_skip=\skip79
\l__enotez_list_postamble_skip=\skip80
\g__enotez_endnote_id_int=\count287
\g__enotez_endnote_mark_int=\count288
\c@endnote=\count289
\g__enotez_list_printed_int=\count290
\l__enotez_tmpa_int=\count291

Package xtemplate Info: Declaring object type 'enotez-list' taking 1
(xtemplate)             argument(s) on line 473.

\l__enotez_list_notes_sep_dim=\dimen173
(/usr/local/texlive/2020/texmf-dist/tex/latex/translations/translations.sty
Package: translations 2018/02/28 v1.8 internationalization of LaTeX2e packages (CN)
(/usr/local/texlive/2020/texmf-dist/tex/latex/pdftexcmds/pdftexcmds.sty
Package: pdftexcmds 2019/11/24 v0.31 Utility functions of pdfTeX for LuaTeX (HO)
(/usr/local/texlive/2020/texmf-dist/tex/generic/infwarerr/infwarerr.sty
Package: infwarerr 2019/12/03 v1.5 Providing info/warning/error messages (HO)
) (/usr/local/texlive/2020/texmf-dist/tex/generic/iftex/iftex.sty
Package: iftex 2020/03/06 v1.0d TeX engine tests
) (/usr/local/texlive/2020/texmf-dist/tex/generic/ltxcmds/ltxcmds.sty
Package: ltxcmds 2019/12/15 v1.24 LaTeX kernel commands for general use (HO)
)
Package pdftexcmds Info: \pdf@primitive is available.
Package pdftexcmds Info: \pdf@ifprimitive is available.
Package pdftexcmds Info: \pdfdraftmode is ignored in DVI mode.
))) (/usr/local/texlive/2020/texmf-dist/tex/latex/moreverb/moreverb.sty
Package: moreverb 2008/06/03 v2.3a `more' verbatim facilities
\tab@position=\count292
\tab@size=\count293
\listing@line=\count294
) (/usr/local/texlive/2020/texmf-dist/tex/latex/tools/hhline.sty
Package: hhline 2020/01/04 v2.04 Table rule package (DPC)
) (/usr/local/texlive/2020/texmf-dist/tex/latex/tipa/tipa.sty
Package: tipa 2002/08/08 TIPA version 1.1
(/usr/local/texlive/2020/texmf-dist/tex/latex/base/fontenc.sty
Package: fontenc 2020/02/11 v2.0o Standard LaTeX package
(/usr/local/texlive/2020/texmf-dist/tex/latex/tipa/t3enc.def
File: t3enc.def 2001/12/31 T3 encoding
Now handling font encoding T3 ...
... no UTF-8 mapping file for font encoding T3
LaTeX Font Info:    Trying to load font information for T1+cmss on input line 357.
(/usr/local/texlive/2020/texmf-dist/tex/latex/base/t1cmss.fd
File: t1cmss.fd 2019/12/16 v2.5j Standard LaTeX font definitions
)))) (/usr/local/texlive/2020/texmf-dist/tex/latex/xcolor/xcolor.sty
Package: xcolor 2016/05/11 v2.12 LaTeX color extensions (UK)
(/usr/local/texlive/2020/texmf-dist/tex/latex/graphics-cfg/color.cfg
File: color.cfg 2016/01/02 v1.6 sample color configuration
)
Package xcolor Info: Driver file: dvips.def on input line 225.
(/usr/local/texlive/2020/texmf-dist/tex/latex/graphics-def/dvips.def
File: dvips.def 2017/06/20 v3.1d Graphics/color driver for dvips
)
Package xcolor Info: Model `cmy' substituted by `cmy0' on input line 1348.
Package xcolor Info: Model `RGB' extended on input line 1364.
Package xcolor Info: Model `HTML' substituted by `rgb' on input line 1366.
Package xcolor Info: Model `Hsb' substituted by `hsb' on input line 1367.
Package xcolor Info: Model `tHsb' substituted by `hsb' on input line 1368.
Package xcolor Info: Model `HSB' substituted by `hsb' on input line 1369.
Package xcolor Info: Model `Gray' substituted by `gray' on input line 1370.
Package xcolor Info: Model `wave' substituted by `hsb' on input line 1371.
) (/usr/local/texlive/2020/texmf-dist/tex/latex/accents/accents.sty
Package: accents 2006/05/12 v1.4 Math Accent Tools
\cc@skew=\dimen174
\cc@wd=\dimen175
\cc@code=\count295
\cc@group=\count296
\cc@skewchar=\count297
) (/usr/local/texlive/2020/texmf-dist/tex/latex/appendix/appendix.sty
Package: appendix 2020/02/08 v1.2c extra appendix facilities
\c@@pps=\count298
\c@@ppsavesec=\count299
\c@@ppsaveapp=\count300
)
\c@definition=\count301
\c@theorem=\count302
\c@lemma=\count303
(/usr/local/texlive/2020/texmf-dist/tex/latex/amsfonts/eucal.sty
Package: eucal 2009/06/22 v3.00 Euler Script fonts
LaTeX Font Info:    Overwriting math alphabet `\EuScript' in version `bold'
(Font)                  U/eus/m/n --> U/eus/b/n on input line 33.
) (/usr/local/texlive/2020/texmf-dist/tex/generic/ulem/ulem.sty
\UL@box=\box103
\UL@hyphenbox=\box104
\UL@skip=\skip81
\UL@hook=\toks31
\UL@height=\dimen176
\UL@pe=\count304
\UL@pixel=\dimen177
\ULC@box=\box105
Package: ulem 2019/11/18
\ULdepth=\dimen178
) (/usr/local/texlive/2020/texmf-dist/tex/latex/tools/bm.sty
Package: bm 2019/07/24 v1.2d Bold Symbol Support (DPC/FMi)
LaTeX Info: Redefining \bm on input line 209.
) (/usr/local/texlive/2020/texmf-dist/tex/latex/bbm-macros/bbm.sty
Package: bbm 1999/03/15 V 1.2 provides fonts for set symbols - TH
LaTeX Font Info:    Overwriting math alphabet `\mathbbm' in version `bold'
(Font)                  U/bbm/m/n --> U/bbm/bx/n on input line 33.
LaTeX Font Info:    Overwriting math alphabet `\mathbbmss' in version `bold'
(Font)                  U/bbmss/m/n --> U/bbmss/bx/n on input line 35.
) (/usr/local/texlive/2020/texmf-dist/tex/latex/url/url.sty
\Urlmuskip=\muskip18
Package: url 2013/09/16  ver 3.4  Verb mode for urls, etc.
) (/usr/local/texlive/2020/texmf-dist/tex/latex/optional/optional.sty
Package: optional 2005/01/26 ver 2.2b;  Optional inclusion/omission
)
Using optional text marked with econtex. 
(/usr/local/texlive/2020/texmf-dist/tex/latex/natbib/natbib.sty
Package: natbib 2010/09/13 8.31b (PWD, AO)
\bibhang=\skip82
\bibsep=\skip83
LaTeX Info: Redefining \cite on input line 694.
\c@NAT@ctr=\count305
) (/usr/local/texlive/2020/texmf-dist/tex/latex/footmisc/footmisc.sty
Package: footmisc 2011/06/06 v5.5b a miscellany of footnote facilities
\FN@temptoken=\toks32
\footnotemargin=\dimen179
\c@pp@next@reset=\count306
Package footmisc Info: Declaring symbol style bringhurst on input line 855.
Package footmisc Info: Declaring symbol style chicago on input line 863.
Package footmisc Info: Declaring symbol style wiley on input line 872.
Package footmisc Info: Declaring symbol style lamport-robust on input line 883.
Package footmisc Info: Declaring symbol style lamport* on input line 903.
Package footmisc Info: Declaring symbol style lamport*-robust on input line 924.
) (/usr/local/texlive/2020/texmf-dist/tex/latex/ncctools/manyfoot.sty
Package: manyfoot 2019/08/03 v1.11 Many Footnote Levels Package (NCC)
(/usr/local/texlive/2020/texmf-dist/tex/latex/ncctools/nccfoots.sty
Package: nccfoots 2005/02/03 v1.2 NCC Footnotes Package (NCC)
)
\MFL@columnwidth=\dimen180
) (/usr/local/texlive/2020/texmf-dist/tex/latex/bigfoot/perpage.sty
Package: perpage 2014/10/25 2.0 Reset/sort counters per page
\c@abspage=\count307
)
Package footmisc Info: Declaring symbol style blank on input line 354.
\footinsB=\insert252
\c@footnoteB=\count308
\c@pp@a@footnoteB=\count309
\c@authornum=\count310
\c@bottomauthor=\count311
LaTeX Info: Redefining \rm on input line 409.
LaTeX Info: Redefining \sf on input line 410.
LaTeX Info: Redefining \tt on input line 411.
LaTeX Info: Redefining \bf on input line 412.
LaTeX Info: Redefining \it on input line 413.
LaTeX Info: Redefining \sl on input line 414.
LaTeX Info: Redefining \sc on input line 415.
) (/usr/local/texlive/2020/texmf-dist/tex/generic/tex4ht/tex4ht.sty
version 2020-02-18-14:17
Package: tex4ht 
--------------------------------------
--- Note --- for _ at preamble, use the command line option `early_'
--------------------------------------
--------------------------------------
--- Note --- for ^ at preamble, use the command line option `early^'
--------------------------------------
\tmp:toks=\toks33
) (/usr/local/texlive/2020/texmf-dist/tex/generic/tex4ht/usepackage.4ht
version 2020-03-12-14:03
) (/usr/local/texlive/2020/texmf-dist/tex/latex/import/import.sty
Package: import 2020/01/22  v 6.0
) (./Resources/texmf-local/tex/latex/econark.sty (/usr/local/texlive/2020/texmf-dist/tex/latex/subfiles/subfiles.sty
Package: subfiles 2020/02/14 v1.6 Multi-file projects (package)
)) (./Resources/LaTeXInputs/SolvingMicroDSOPs.sty
\TblBox=\box106
\TblShrunk=\skip84
\TblShrunkBox=\box107
) (./Resources/texmf-local/tex/latex/econtexSetup.sty (/usr/local/texlive/2020/texmf-dist/tex/latex/wasysym/wasysym.sty
Package: wasysym 2020/01/19 v2.4 Wasy-2 symbol support package
\symwasy=\mathgroup7
LaTeX Font Info:    Overwriting symbol font `wasy' in version `bold'
(Font)                  U/wasy/m/n --> U/wasy/b/n on input line 93.
) (/usr/local/texlive/2020/texmf-dist/tex/generic/ibygrk/psibycus.sty
Package: psibycus 2004/10/18 v4.5 Ibycus4 using Type1 fonts (P.A.MacKay/WaS)
\digraphs=\toks34
(/usr/local/texlive/2020/texmf-dist/tex/generic/ibygrk/ibycus4.map (/usr/local/texlive/2020/texmf-dist/tex/generic/ibygrk/tlgsqq.tex)) (/usr/local/texlive/2020/texmf-dist/tex/generic/ibygrk/Uibycus.fd
File: Uibycus.fd 2004/10/18 v4.5 font definitions for Ibycus/Type1 (WaS)
) (/usr/local/texlive/2020/texmf-dist/tex/generic/ibygrk/iby4extr.tex (/usr/local/texlive/2020/texmf-dist/tex/generic/ibygrk/version4.tex Ibycus Greek. Version 4. 15 July 1997))) (/usr/local/texlive/2020/texmf-dist/tex/latex/ushort/ushort.sty
ushort.sty by M. Vaeth: Release: 2.2 
Package: ushort 2001/06/13 v2.2
) (/usr/local/texlive/2020/texmf-dist/tex/latex/graphics/graphicx.sty
Package: graphicx 2019/11/30 v1.2a Enhanced LaTeX Graphics (DPC,SPQR)
(/usr/local/texlive/2020/texmf-dist/tex/generic/tex4ht/usepackage.4ht
version 2020-03-12-14:03
) (/usr/local/texlive/2020/texmf-dist/tex/latex/graphics/graphics.sty
Package: graphics 2019/11/30 v1.4a Standard LaTeX Graphics (DPC,SPQR)
(/usr/local/texlive/2020/texmf-dist/tex/latex/graphics/trig.sty
Package: trig 2016/01/03 v1.10 sin cos tan (DPC)
) (/usr/local/texlive/2020/texmf-dist/tex/latex/graphics-cfg/graphics.cfg
File: graphics.cfg 2016/06/04 v1.11 sample graphics configuration
)
Package graphics Info: Driver file: dvips.def on input line 105.
)
\Gin@req@height=\dimen181
\Gin@req@width=\dimen182
) (/usr/local/texlive/2020/texmf-dist/tex/latex/hyperref/hyperref.sty
Package: hyperref 2020/01/14 v7.00d Hypertext links for LaTeX
(/usr/local/texlive/2020/texmf-dist/tex/generic/kvsetkeys/kvsetkeys.sty
Package: kvsetkeys 2019/12/15 v1.18 Key value parser (HO)
) (/usr/local/texlive/2020/texmf-dist/tex/generic/kvdefinekeys/kvdefinekeys.sty
Package: kvdefinekeys 2019-12-19 v1.6 Define keys (HO)
) (/usr/local/texlive/2020/texmf-dist/tex/generic/pdfescape/pdfescape.sty
Package: pdfescape 2019/12/09 v1.15 Implements pdfTeX's escape features (HO)
) (/usr/local/texlive/2020/texmf-dist/tex/latex/hycolor/hycolor.sty
Package: hycolor 2020-01-27 v1.10 Color options for hyperref/bookmark (HO)
) (/usr/local/texlive/2020/texmf-dist/tex/latex/letltxmacro/letltxmacro.sty
Package: letltxmacro 2019/12/03 v1.6 Let assignment for LaTeX macros (HO)
) (/usr/local/texlive/2020/texmf-dist/tex/latex/auxhook/auxhook.sty
Package: auxhook 2019-12-17 v1.6 Hooks for auxiliary files (HO)

Package auxhook Warning: Cannot patch \document,
(auxhook)                using \AtBeginDocument instead.

) (/usr/local/texlive/2020/texmf-dist/tex/latex/kvoptions/kvoptions.sty
Package: kvoptions 2019/11/29 v3.13 Key value format for package options (HO)
)
\@linkdim=\dimen183
\Hy@linkcounter=\count312
\Hy@pagecounter=\count313
(/usr/local/texlive/2020/texmf-dist/tex/latex/hyperref/pd1enc.def
File: pd1enc.def 2020/01/14 v7.00d Hyperref: PDFDocEncoding definition (HO)
Now handling font encoding PD1 ...
... no UTF-8 mapping file for font encoding PD1
) (/usr/local/texlive/2020/texmf-dist/tex/generic/intcalc/intcalc.sty
Package: intcalc 2019/12/15 v1.3 Expandable calculations with integers (HO)
) (/usr/local/texlive/2020/texmf-dist/tex/generic/etexcmds/etexcmds.sty
Package: etexcmds 2019/12/15 v1.7 Avoid name clashes with e-TeX commands (HO)
)
\Hy@SavedSpaceFactor=\count314
Package hyperref Info: Option `colorlinks' set `true' on input line 4421.
Package hyperref Info: Option `colorlinks' set `true' on input line 4421.
Package hyperref Info: Option `hypertexnames' set `false' on input line 4421.
Package hyperref Info: Option `verbose' set `true' on input line 4421.
Package hyperref Info: Option `unicode' set `true' on input line 4421.
(/usr/local/texlive/2020/texmf-dist/tex/latex/hyperref/puenc.def
File: puenc.def 2020/01/14 v7.00d Hyperref: PDF Unicode definition (HO)
Now handling font encoding PU ...
... no UTF-8 mapping file for font encoding PU
)
Package hyperref Info: Option `unicode' set `true' on input line 4421.
Package hyperref Info: Option `unicode' set `true' on input line 4421.
Package hyperref Info: Hyper figures OFF on input line 4547.
Package hyperref Info: Link nesting OFF on input line 4552.
Package hyperref Info: Hyper index ON on input line 4555.
Package hyperref Info: Plain pages OFF on input line 4562.
Package hyperref Info: Backreferencing OFF on input line 4567.
Package hyperref Info: Implicit mode ON; LaTeX internals redefined.
Package hyperref Info: Bookmarks ON on input line 4800.
\c@Hy@tempcnt=\count315
LaTeX Info: Redefining \url on input line 5159.
\XeTeXLinkMargin=\dimen184
(/usr/local/texlive/2020/texmf-dist/tex/generic/bitset/bitset.sty
Package: bitset 2019/12/09 v1.3 Handle bit-vector datatype (HO)
(/usr/local/texlive/2020/texmf-dist/tex/generic/bigintcalc/bigintcalc.sty
Package: bigintcalc 2019/12/15 v1.5 Expandable calculations on big integers (HO)
))
\Fld@menulength=\count316
\Field@Width=\dimen185
\Fld@charsize=\dimen186
\Field@toks=\toks35
Package hyperref Info: Hyper figures OFF on input line 6430.
Package hyperref Info: Link nesting OFF on input line 6435.
Package hyperref Info: Hyper index ON on input line 6438.
Package hyperref Info: backreferencing OFF on input line 6445.
Package hyperref Info: Link coloring ON on input line 6448.
Package hyperref Info: Link coloring with OCG OFF on input line 6455.
Package hyperref Info: PDF/A mode OFF on input line 6460.
LaTeX Info: Redefining \ref on input line 6500.
LaTeX Info: Redefining \pageref on input line 6504.
(/usr/local/texlive/2020/texmf-dist/tex/generic/atbegshi/atbegshi.sty
Package: atbegshi 2019/12/05 v1.19 At begin shipout hook (HO)
)
\Hy@abspage=\count317

Package hyperref Message: Stopped early.

)
Package hyperref Info: Driver: htex4ht.
(/usr/local/texlive/2020/texmf-dist/tex/latex/hyperref/htex4ht.def
File: htex4ht.def 2020/01/14 v7.00d Hyperref driver for TeX4ht
Package hyperref Info: tex4ht is already loaded.
)
Package hyperref Info: Option `colorlinks' set `true' on input line 157.
Including MathFactsList.defs) (./Resources/texmf-local/tex/latex/econtexShortcuts.sty)
Package hyperref Info: Option `colorlinks' set `true' on input line 46.
\verbatim@out=\write3
\openout3 = `./cctwMoM.title'.

(./cctwMoM.cfg (/usr/local/texlive/2020/texmf-dist/tex/generic/tex4ht/tex4ht.4ht
version 2020-03-12-14:03
--------------------------------------
--- Note --- for additional information, use the command line option `info'
--------------------------------------
::::::::::::::::::::::::::::::::::::::::::
 TeX4ht info is available in the log file 
::::::::::::::::::::::::::::::::::::::::::
) (/usr/local/texlive/2020/texmf-dist/tex/generic/tex4ht/tex4ht.sty
version 2020-02-18-14:17
--- needs --- tex4ht cctwMoM ---
\tmp:cnt=\count318
\openout15 = `cctwMoM.tmp'.

(./cctwMoM.tmp)
\tmp:dim=\skip85
--------------------------------------
--- Note --- for XML code, use the command line option `xml' or `xhtml'
--------------------------------------
(./cctwMoM.xref)
\:refout=\write4
\openout4 = `cctwMoM.xref'.

(/usr/local/texlive/2020/texmf-dist/tex/generic/tex4ht/html4.4ht
version 2020-03-16-10:43
--------------------------------------
--- Note --- to remove the <?xml version=...?> processing instruction use the command line option `no-VERSION'
--------------------------------------
--------------------------------------
--- Note --- to remove the DOCTYPE declaration use the command line option `no-DOCTYPE'
--------------------------------------
) (/usr/local/texlive/2020/texmf-dist/tex/generic/tex4ht/unicode.4ht
version 2019-12-28-14:40
) (/usr/local/texlive/2020/texmf-dist/tex/generic/tex4ht/html4-math.4ht
version 2020-03-06-15:07
) (/usr/local/texlive/2020/texmf-dist/tex/generic/tex4ht/svg-option.4ht
version 2018-12-30-09:33
) (/usr/local/texlive/2020/texmf-dist/tex/generic/tex4ht/html5.4ht
version 2019-11-21-13:36
)
--------------------------------------
--- Note --- for marking of the base font, use the command line option `fonts+'
--------------------------------------
--------------------------------------
--- Note --- for non active _, use the command line option `no_'
--------------------------------------
--------------------------------------
--- Note --- for _ of catcode 13, use the command line option `_13'
--------------------------------------
--------------------------------------
--- Note --- for non active ^, use the command line option `no^'
--------------------------------------
--------------------------------------
--- Note --- for ^ of catcode 13, use the command line option `^13'
--------------------------------------
(/usr/local/texlive/2020/texmf-dist/tex/generic/tex4ht/html4.4ht
version 2020-03-16-10:43
--------------------------------------
--- Note --- to ignore CSS font decoration, use the `NoFonts' command line option
--------------------------------------
--------------------------------------
--- Note --- for jpg bitmaps of pictures, use the `jpg' command line option. (Character bitmaps are controled only by `g' records of tex4ht.env and `-g' switches of tex4ht.c) 
--------------------------------------
--------------------------------------
--- Note --- for gif bitmaps of pictures, use the `gif' command line option. (Character bitmaps are controled only by `g' records of tex4ht.env and `-g' switches of tex4ht.c) 
--------------------------------------
--------------------------------------
--- Note --- for content and toc in 2 frames, use the command line option `frames'
--------------------------------------
--------------------------------------
--- Note --- for content, toc, and footnotes in 3 frames, use the command line option `frames-fn'
--------------------------------------
--------------------------------------
--- Note --- for file extension name xht, use the command line option `xht'
--------------------------------------
TeX4ht package options: svg,charset=utf-8,html5,html,charset="latin1",p-width,pic-align,pic-tabular
--------------------------------------
--- Note --- To print a timestamp, use the command line option timestamp
--------------------------------------
--------------------------------------
--- Note --- to ignore CSS code, use the command line option `-css
--------------------------------------
--------------------------------------
--- Note --- for inline CSS code, use the command line option `css-in'
--------------------------------------
--------------------------------------
--- Note --- for pop ups on mouse over, use the command line option `mouseover'
--------------------------------------
--------------------------------------
--- Note --- for addressing images in a subdirectory, use the command line option `imgdir:.../'
--------------------------------------
) (/usr/local/texlive/2020/texmf-dist/tex/generic/tex4ht/unicode.4ht
version 2019-12-28-14:40
) (/usr/local/texlive/2020/texmf-dist/tex/generic/tex4ht/html4-math.4ht
version 2020-03-06-15:07
) (/usr/local/texlive/2020/texmf-dist/tex/generic/tex4ht/svg-option.4ht
version 2018-12-30-09:33
--------------------------------------
--- Note --- for external SVG files try the command line options `svg-obj' and 'svg-'
--------------------------------------
) (/usr/local/texlive/2020/texmf-dist/tex/generic/tex4ht/html5.4ht
version 2019-11-21-13:36
--------------------------------------
--- Note --- To print a timestamp, use the command line option timestamp
--------------------------------------
)
\:tokwrite=\toks36
\:tokpage=\toks37
--------------------------------------
--- Note --- for back links to toc, use the command line option `sections+'
--------------------------------------
--------------------------------------
--- Note --- for linear crosslinks of pages, use the command line option `next'
--------------------------------------
\openout15 = `cctwMoM.4ct'.

\:tocout=\write5
\openout5 = `cctwMoM.4tc'.

(/usr/local/texlive/2020/texmf-dist/tex/generic/tex4ht/html4.4ht
version 2020-03-16-10:43
) (/usr/local/texlive/2020/texmf-dist/tex/generic/tex4ht/unicode.4ht
version 2019-12-28-14:40
) (/usr/local/texlive/2020/texmf-dist/tex/generic/tex4ht/html4-math.4ht
version 2020-03-06-15:07
) (/usr/local/texlive/2020/texmf-dist/tex/generic/tex4ht/svg-option.4ht
version 2018-12-30-09:33
) (/usr/local/texlive/2020/texmf-dist/tex/generic/tex4ht/html5.4ht
version 2019-11-21-13:36
) (/usr/local/texlive/2020/texmf-dist/tex/generic/tex4ht/latex.4ht
version 2020-02-26-14:25
LaTeX Info: Redefining \_ on input line 168.
--------------------------------------
--- Note --- for links into captions, instead of float heads, use the command line option `refcaption'
--------------------------------------
(/usr/local/texlive/2020/texmf-dist/tex/generic/tex4ht/html4.4ht
version 2020-03-16-10:43
) (/usr/local/texlive/2020/texmf-dist/tex/generic/tex4ht/unicode.4ht
version 2019-12-28-14:40
) (/usr/local/texlive/2020/texmf-dist/tex/generic/tex4ht/html4-math.4ht
version 2020-03-06-15:07
) (/usr/local/texlive/2020/texmf-dist/tex/generic/tex4ht/svg-option.4ht
version 2018-12-30-09:33
) (/usr/local/texlive/2020/texmf-dist/tex/generic/tex4ht/html5.4ht
version 2019-11-21-13:36
) (/usr/local/texlive/2020/texmf-dist/tex/generic/tex4ht/html4.4ht
version 2020-03-16-10:43
--------------------------------------
--- Note --- For mini tocs immediately aftter the header use the command line option `minitoc<'
--------------------------------------
--------------------------------------
--- Note --- for enumerated list elements with valued data, use the command line option `enumerate+'
--------------------------------------
--------------------------------------
--- Note --- for enumerated list elements li's with value attributes, use the command line option `enumerate-'
--------------------------------------
--------------------------------------
--- Note --- for CSS2 code, use the command line option `css2'
--------------------------------------
--------------------------------------
--- Note --- for bitmap fbox'es, use the command line option `pic-fbox'
--------------------------------------
--------------------------------------
--- Note --- for bitmap framebox'es, use the command line option `pic-framebox'
--------------------------------------
--------------------------------------
--- Note --- for inline footnotes use command line option `fn-in'
--------------------------------------
--------------------------------------
--- Note --- for tracing of latex font commands, use the command line option `fonts'
--------------------------------------
) (/usr/local/texlive/2020/texmf-dist/tex/generic/tex4ht/unicode.4ht
version 2019-12-28-14:40
) (/usr/local/texlive/2020/texmf-dist/tex/generic/tex4ht/html4-math.4ht
version 2020-03-06-15:07
--------------------------------------
--- Note --- for pictorial eqnarray, use the command line option `pic-eqnarray'
--------------------------------------
--------------------------------------
--- Note --- for pictorial array, use the command line option `pic-array'
--------------------------------------
--------------------------------------
--- Note --- for pictorial $...$ environments, use the command line option `pic-m' (not recommended!!)
--------------------------------------
--------------------------------------
--- Note --- for pictorial $...$ and $$...$$ environments with latex alt, use the command line option `pic-m+' (not safe!!)
--------------------------------------
--------------------------------------
--- Note --- for pictorial array, use the command line option `pic-array'
--------------------------------------
) (/usr/local/texlive/2020/texmf-dist/tex/generic/tex4ht/svg-option.4ht
version 2018-12-30-09:33
) (/usr/local/texlive/2020/texmf-dist/tex/generic/tex4ht/html5.4ht
version 2019-11-21-13:36
)) (/usr/local/texlive/2020/texmf-dist/tex/generic/tex4ht/fontmath.4ht
version 2018-11-06-15:55
(/usr/local/texlive/2020/texmf-dist/tex/generic/tex4ht/html4.4ht
version 2020-03-16-10:43
) (/usr/local/texlive/2020/texmf-dist/tex/generic/tex4ht/unicode.4ht
version 2019-12-28-14:40
) (/usr/local/texlive/2020/texmf-dist/tex/generic/tex4ht/html4-math.4ht
version 2020-03-06-15:07
) (/usr/local/texlive/2020/texmf-dist/tex/generic/tex4ht/svg-option.4ht
version 2018-12-30-09:33
) (/usr/local/texlive/2020/texmf-dist/tex/generic/tex4ht/html5.4ht
version 2019-11-21-13:36
)) (/usr/local/texlive/2020/texmf-dist/tex/generic/tex4ht/ifthen.4ht
version 2009-05-21-09:32
(/usr/local/texlive/2020/texmf-dist/tex/generic/tex4ht/html4.4ht
version 2020-03-16-10:43
) (/usr/local/texlive/2020/texmf-dist/tex/generic/tex4ht/unicode.4ht
version 2019-12-28-14:40
) (/usr/local/texlive/2020/texmf-dist/tex/generic/tex4ht/html4-math.4ht
version 2020-03-06-15:07
) (/usr/local/texlive/2020/texmf-dist/tex/generic/tex4ht/svg-option.4ht
version 2018-12-30-09:33
) (/usr/local/texlive/2020/texmf-dist/tex/generic/tex4ht/html5.4ht
version 2019-11-21-13:36
)) (/usr/local/texlive/2020/texmf-dist/tex/generic/tex4ht/scrartcl.4ht
version 2018-10-20-15:45
(/usr/local/texlive/2020/texmf-dist/tex/generic/tex4ht/article.4ht (/usr/local/texlive/2020/texmf-dist/tex/generic/tex4ht/html4.4ht
version 2020-03-16-10:43
--------------------------------------
--- Note --- for automatic sectioning pagination, use the command line option `1', `2', `3', '4', '5', '6', or '7'
--------------------------------------
--------------------------------------
--- Note --- for files named derived from section titles, use the command line option `sec-filename'
--------------------------------------
--------------------------------------
--- Note --- for i-columns index, use the command line option `index=i' (e.g., index=2)
--------------------------------------
) (/usr/local/texlive/2020/texmf-dist/tex/generic/tex4ht/unicode.4ht
version 2019-12-28-14:40
) (/usr/local/texlive/2020/texmf-dist/tex/generic/tex4ht/html4-math.4ht
version 2020-03-06-15:07
) (/usr/local/texlive/2020/texmf-dist/tex/generic/tex4ht/svg-option.4ht
version 2018-12-30-09:33
) (/usr/local/texlive/2020/texmf-dist/tex/generic/tex4ht/html5.4ht
version 2019-11-21-13:36
)) (/usr/local/texlive/2020/texmf-dist/tex/generic/tex4ht/html4.4ht
version 2020-03-16-10:43
) (/usr/local/texlive/2020/texmf-dist/tex/generic/tex4ht/unicode.4ht
version 2019-12-28-14:40
) (/usr/local/texlive/2020/texmf-dist/tex/generic/tex4ht/html4-math.4ht
version 2020-03-06-15:07
) (/usr/local/texlive/2020/texmf-dist/tex/generic/tex4ht/svg-option.4ht
version 2018-12-30-09:33
) (/usr/local/texlive/2020/texmf-dist/tex/generic/tex4ht/html5.4ht
version 2019-11-21-13:36
)) (/usr/local/texlive/2020/texmf-dist/tex/generic/tex4ht/babel.4ht (/usr/local/texlive/2020/texmf-dist/tex/generic/tex4ht/html4.4ht
version 2020-03-16-10:43
) (/usr/local/texlive/2020/texmf-dist/tex/generic/tex4ht/unicode.4ht
version 2019-12-28-14:40
) (/usr/local/texlive/2020/texmf-dist/tex/generic/tex4ht/html4-math.4ht
version 2020-03-06-15:07
) (/usr/local/texlive/2020/texmf-dist/tex/generic/tex4ht/svg-option.4ht
version 2018-12-30-09:33
) (/usr/local/texlive/2020/texmf-dist/tex/generic/tex4ht/html5.4ht
version 2019-11-21-13:36
)) (/usr/local/texlive/2020/texmf-dist/tex/generic/tex4ht/english.4ht
version 2009-05-21-09:32
(/usr/local/texlive/2020/texmf-dist/tex/generic/tex4ht/html4.4ht
version 2020-03-16-10:43
) (/usr/local/texlive/2020/texmf-dist/tex/generic/tex4ht/unicode.4ht
version 2019-12-28-14:40
) (/usr/local/texlive/2020/texmf-dist/tex/generic/tex4ht/html4-math.4ht
version 2020-03-06-15:07
) (/usr/local/texlive/2020/texmf-dist/tex/generic/tex4ht/svg-option.4ht
version 2018-12-30-09:33
) (/usr/local/texlive/2020/texmf-dist/tex/generic/tex4ht/html5.4ht
version 2019-11-21-13:36
)) (/usr/local/texlive/2020/texmf-dist/tex/generic/tex4ht/verbatim.4ht
version 2009-05-21-09:32
(/usr/local/texlive/2020/texmf-dist/tex/generic/tex4ht/html4.4ht
version 2020-03-16-10:43
) (/usr/local/texlive/2020/texmf-dist/tex/generic/tex4ht/unicode.4ht
version 2019-12-28-14:40
) (/usr/local/texlive/2020/texmf-dist/tex/generic/tex4ht/html4-math.4ht
version 2020-03-06-15:07
) (/usr/local/texlive/2020/texmf-dist/tex/generic/tex4ht/svg-option.4ht
version 2018-12-30-09:33
) (/usr/local/texlive/2020/texmf-dist/tex/generic/tex4ht/html5.4ht
version 2019-11-21-13:36
)) (/usr/local/texlive/2020/texmf-dist/tex/generic/tex4ht/amsmath.4ht
version 2019-12-29-14:17
\tmp:muskip=\muskip19
(/usr/local/texlive/2020/texmf-dist/tex/generic/tex4ht/html4.4ht
version 2020-03-16-10:43
) (/usr/local/texlive/2020/texmf-dist/tex/generic/tex4ht/unicode.4ht
version 2019-12-28-14:40
) (/usr/local/texlive/2020/texmf-dist/tex/generic/tex4ht/html4-math.4ht
version 2020-03-06-15:07
) (/usr/local/texlive/2020/texmf-dist/tex/generic/tex4ht/svg-option.4ht
version 2018-12-30-09:33
) (/usr/local/texlive/2020/texmf-dist/tex/generic/tex4ht/html5.4ht
version 2019-11-21-13:36
)) (/usr/local/texlive/2020/texmf-dist/tex/generic/tex4ht/amstext.4ht
version 2009-05-21-09:32
(/usr/local/texlive/2020/texmf-dist/tex/generic/tex4ht/html4.4ht
version 2020-03-16-10:43
) (/usr/local/texlive/2020/texmf-dist/tex/generic/tex4ht/unicode.4ht
version 2019-12-28-14:40
) (/usr/local/texlive/2020/texmf-dist/tex/generic/tex4ht/html4-math.4ht
version 2020-03-06-15:07
) (/usr/local/texlive/2020/texmf-dist/tex/generic/tex4ht/svg-option.4ht
version 2018-12-30-09:33
) (/usr/local/texlive/2020/texmf-dist/tex/generic/tex4ht/html5.4ht
version 2019-11-21-13:36
)) (/usr/local/texlive/2020/texmf-dist/tex/generic/tex4ht/amsbsy.4ht
version 2009-05-21-09:32
(/usr/local/texlive/2020/texmf-dist/tex/generic/tex4ht/html4.4ht
version 2020-03-16-10:43
) (/usr/local/texlive/2020/texmf-dist/tex/generic/tex4ht/unicode.4ht
version 2019-12-28-14:40
) (/usr/local/texlive/2020/texmf-dist/tex/generic/tex4ht/html4-math.4ht
version 2020-03-06-15:07
) (/usr/local/texlive/2020/texmf-dist/tex/generic/tex4ht/svg-option.4ht
version 2018-12-30-09:33
) (/usr/local/texlive/2020/texmf-dist/tex/generic/tex4ht/html5.4ht
version 2019-11-21-13:36
)) (/usr/local/texlive/2020/texmf-dist/tex/generic/tex4ht/amsopn.4ht
version 2009-05-21-09:32
(/usr/local/texlive/2020/texmf-dist/tex/generic/tex4ht/html4.4ht
version 2020-03-16-10:43
) (/usr/local/texlive/2020/texmf-dist/tex/generic/tex4ht/unicode.4ht
version 2019-12-28-14:40
) (/usr/local/texlive/2020/texmf-dist/tex/generic/tex4ht/html4-math.4ht
version 2020-03-06-15:07
) (/usr/local/texlive/2020/texmf-dist/tex/generic/tex4ht/svg-option.4ht
version 2018-12-30-09:33
) (/usr/local/texlive/2020/texmf-dist/tex/generic/tex4ht/html5.4ht
version 2019-11-21-13:36
)) (/usr/local/texlive/2020/texmf-dist/tex/generic/tex4ht/amssymb.4ht
version 2009-05-21-09:32
(/usr/local/texlive/2020/texmf-dist/tex/generic/tex4ht/html4.4ht
version 2020-03-16-10:43
) (/usr/local/texlive/2020/texmf-dist/tex/generic/tex4ht/unicode.4ht
version 2019-12-28-14:40
) (/usr/local/texlive/2020/texmf-dist/tex/generic/tex4ht/html4-math.4ht
version 2020-03-06-15:07
) (/usr/local/texlive/2020/texmf-dist/tex/generic/tex4ht/svg-option.4ht
version 2018-12-30-09:33
) (/usr/local/texlive/2020/texmf-dist/tex/generic/tex4ht/html5.4ht
version 2019-11-21-13:36
)) (/usr/local/texlive/2020/texmf-dist/tex/generic/tex4ht/amsfonts.4ht
version 2009-05-21-09:32
(/usr/local/texlive/2020/texmf-dist/tex/generic/tex4ht/html4.4ht
version 2020-03-16-10:43
) (/usr/local/texlive/2020/texmf-dist/tex/generic/tex4ht/unicode.4ht
version 2019-12-28-14:40
) (/usr/local/texlive/2020/texmf-dist/tex/generic/tex4ht/html4-math.4ht
version 2020-03-06-15:07
) (/usr/local/texlive/2020/texmf-dist/tex/generic/tex4ht/svg-option.4ht
version 2018-12-30-09:33
) (/usr/local/texlive/2020/texmf-dist/tex/generic/tex4ht/html5.4ht
version 2019-11-21-13:36
)) (/usr/local/texlive/2020/texmf-dist/tex/generic/tex4ht/amsthm.4ht
version 2009-05-21-09:32
(/usr/local/texlive/2020/texmf-dist/tex/generic/tex4ht/html4.4ht
version 2020-03-16-10:43
) (/usr/local/texlive/2020/texmf-dist/tex/generic/tex4ht/unicode.4ht
version 2019-12-28-14:40
) (/usr/local/texlive/2020/texmf-dist/tex/generic/tex4ht/html4-math.4ht
version 2020-03-06-15:07
) (/usr/local/texlive/2020/texmf-dist/tex/generic/tex4ht/svg-option.4ht
version 2018-12-30-09:33
) (/usr/local/texlive/2020/texmf-dist/tex/generic/tex4ht/html5.4ht
version 2019-11-21-13:36
)) (/usr/local/texlive/2020/texmf-dist/tex/generic/tex4ht/dcolumn.4ht
version 2009-05-21-09:32
(/usr/local/texlive/2020/texmf-dist/tex/generic/tex4ht/html4.4ht
version 2020-03-16-10:43
) (/usr/local/texlive/2020/texmf-dist/tex/generic/tex4ht/unicode.4ht
version 2019-12-28-14:40
) (/usr/local/texlive/2020/texmf-dist/tex/generic/tex4ht/html4-math.4ht
version 2020-03-06-15:07
) (/usr/local/texlive/2020/texmf-dist/tex/generic/tex4ht/svg-option.4ht
version 2018-12-30-09:33
) (/usr/local/texlive/2020/texmf-dist/tex/generic/tex4ht/html5.4ht
version 2019-11-21-13:36
)) (/usr/local/texlive/2020/texmf-dist/tex/generic/tex4ht/array.4ht
version 2009-05-21-09:32
(/usr/local/texlive/2020/texmf-dist/tex/generic/tex4ht/html4.4ht
version 2020-03-16-10:43
) (/usr/local/texlive/2020/texmf-dist/tex/generic/tex4ht/unicode.4ht
version 2019-12-28-14:40
) (/usr/local/texlive/2020/texmf-dist/tex/generic/tex4ht/html4-math.4ht
version 2020-03-06-15:07
--------------------------------------
--- Note --- for pictorial array, use the command line option `pic-array'
--------------------------------------
) (/usr/local/texlive/2020/texmf-dist/tex/generic/tex4ht/svg-option.4ht
version 2018-12-30-09:33
) (/usr/local/texlive/2020/texmf-dist/tex/generic/tex4ht/html5.4ht
version 2019-11-21-13:36
)) (/usr/local/texlive/2020/texmf-dist/tex/generic/tex4ht/multicol.4ht (/usr/local/texlive/2020/texmf-dist/tex/generic/tex4ht/html4.4ht
version 2020-03-16-10:43
) (/usr/local/texlive/2020/texmf-dist/tex/generic/tex4ht/unicode.4ht
version 2019-12-28-14:40
) (/usr/local/texlive/2020/texmf-dist/tex/generic/tex4ht/html4-math.4ht
version 2020-03-06-15:07
) (/usr/local/texlive/2020/texmf-dist/tex/generic/tex4ht/svg-option.4ht
version 2018-12-30-09:33
) (/usr/local/texlive/2020/texmf-dist/tex/generic/tex4ht/html5.4ht
version 2019-11-21-13:36
)) (/usr/local/texlive/2020/texmf-dist/tex/generic/tex4ht/multirow.4ht (/usr/local/texlive/2020/texmf-dist/tex/generic/tex4ht/html4.4ht
version 2020-03-16-10:43
) (/usr/local/texlive/2020/texmf-dist/tex/generic/tex4ht/unicode.4ht
version 2019-12-28-14:40
) (/usr/local/texlive/2020/texmf-dist/tex/generic/tex4ht/html4-math.4ht
version 2020-03-06-15:07
) (/usr/local/texlive/2020/texmf-dist/tex/generic/tex4ht/svg-option.4ht
version 2018-12-30-09:33
) (/usr/local/texlive/2020/texmf-dist/tex/generic/tex4ht/html5.4ht
version 2019-11-21-13:36
)) (/usr/local/texlive/2020/texmf-dist/tex/generic/tex4ht/booktabs.4ht
version 2009-05-21-09:32
(/usr/local/texlive/2020/texmf-dist/tex/generic/tex4ht/html4.4ht
version 2020-03-16-10:43
) (/usr/local/texlive/2020/texmf-dist/tex/generic/tex4ht/unicode.4ht
version 2019-12-28-14:40
) (/usr/local/texlive/2020/texmf-dist/tex/generic/tex4ht/html4-math.4ht
version 2020-03-06-15:07
) (/usr/local/texlive/2020/texmf-dist/tex/generic/tex4ht/svg-option.4ht
version 2018-12-30-09:33
) (/usr/local/texlive/2020/texmf-dist/tex/generic/tex4ht/html5.4ht
version 2019-11-21-13:36
)) (/usr/local/texlive/2020/texmf-dist/tex/generic/tex4ht/afterpage.4ht
version 2009-05-21-09:32
l.37 --- TeX4ht warning --- afterpage.sty not supported ---
(/usr/local/texlive/2020/texmf-dist/tex/generic/tex4ht/html4.4ht
version 2020-03-16-10:43
) (/usr/local/texlive/2020/texmf-dist/tex/generic/tex4ht/unicode.4ht
version 2019-12-28-14:40
) (/usr/local/texlive/2020/texmf-dist/tex/generic/tex4ht/html4-math.4ht
version 2020-03-06-15:07
) (/usr/local/texlive/2020/texmf-dist/tex/generic/tex4ht/svg-option.4ht
version 2018-12-30-09:33
) (/usr/local/texlive/2020/texmf-dist/tex/generic/tex4ht/html5.4ht
version 2019-11-21-13:36
)) (/usr/local/texlive/2020/texmf-dist/tex/generic/tex4ht/moreverb.4ht
version 2009-05-21-09:32
(/usr/local/texlive/2020/texmf-dist/tex/generic/tex4ht/html4.4ht
version 2020-03-16-10:43
) (/usr/local/texlive/2020/texmf-dist/tex/generic/tex4ht/unicode.4ht
version 2019-12-28-14:40
) (/usr/local/texlive/2020/texmf-dist/tex/generic/tex4ht/html4-math.4ht
version 2020-03-06-15:07
) (/usr/local/texlive/2020/texmf-dist/tex/generic/tex4ht/svg-option.4ht
version 2018-12-30-09:33
) (/usr/local/texlive/2020/texmf-dist/tex/generic/tex4ht/html5.4ht
version 2019-11-21-13:36
)) (/usr/local/texlive/2020/texmf-dist/tex/generic/tex4ht/xcolor.4ht
version 2019-04-09-10:06
(/usr/local/texlive/2020/texmf-dist/tex/generic/tex4ht/color.4ht (/usr/local/texlive/2020/texmf-dist/tex/generic/tex4ht/html4.4ht
version 2020-03-16-10:43
) (/usr/local/texlive/2020/texmf-dist/tex/generic/tex4ht/unicode.4ht
version 2019-12-28-14:40
) (/usr/local/texlive/2020/texmf-dist/tex/generic/tex4ht/html4-math.4ht
version 2020-03-06-15:07
) (/usr/local/texlive/2020/texmf-dist/tex/generic/tex4ht/svg-option.4ht
version 2018-12-30-09:33
) (/usr/local/texlive/2020/texmf-dist/tex/generic/tex4ht/html5.4ht
version 2019-11-21-13:36
)) (/usr/local/texlive/2020/texmf-dist/tex/generic/tex4ht/html4.4ht
version 2020-03-16-10:43
) (/usr/local/texlive/2020/texmf-dist/tex/generic/tex4ht/unicode.4ht
version 2019-12-28-14:40
) (/usr/local/texlive/2020/texmf-dist/tex/generic/tex4ht/html4-math.4ht
version 2020-03-06-15:07
) (/usr/local/texlive/2020/texmf-dist/tex/generic/tex4ht/svg-option.4ht
version 2018-12-30-09:33
) (/usr/local/texlive/2020/texmf-dist/tex/generic/tex4ht/html5.4ht
version 2019-11-21-13:36
)) (/usr/local/texlive/2020/texmf-dist/tex/generic/tex4ht/color.4ht) (/usr/local/texlive/2020/texmf-dist/tex/generic/tex4ht/dvips.4ht
version 2009-05-21-09:32
(/usr/local/texlive/2020/texmf-dist/tex/generic/tex4ht/html4.4ht
version 2020-03-16-10:43
) (/usr/local/texlive/2020/texmf-dist/tex/generic/tex4ht/unicode.4ht
version 2019-12-28-14:40
) (/usr/local/texlive/2020/texmf-dist/tex/generic/tex4ht/html4-math.4ht
version 2020-03-06-15:07
) (/usr/local/texlive/2020/texmf-dist/tex/generic/tex4ht/svg-option.4ht
version 2018-12-30-09:33
) (/usr/local/texlive/2020/texmf-dist/tex/generic/tex4ht/html5.4ht
version 2019-11-21-13:36
)) (/usr/local/texlive/2020/texmf-dist/tex/generic/tex4ht/accents.4ht
version 2009-05-21-09:32
(/usr/local/texlive/2020/texmf-dist/tex/generic/tex4ht/html4.4ht
version 2020-03-16-10:43
) (/usr/local/texlive/2020/texmf-dist/tex/generic/tex4ht/unicode.4ht
version 2019-12-28-14:40
) (/usr/local/texlive/2020/texmf-dist/tex/generic/tex4ht/html4-math.4ht
version 2020-03-06-15:07
) (/usr/local/texlive/2020/texmf-dist/tex/generic/tex4ht/svg-option.4ht
version 2018-12-30-09:33
) (/usr/local/texlive/2020/texmf-dist/tex/generic/tex4ht/html5.4ht
version 2019-11-21-13:36
)) (/usr/local/texlive/2020/texmf-dist/tex/generic/tex4ht/appendix.4ht
version 2019-10-24-10:36
(/usr/local/texlive/2020/texmf-dist/tex/generic/tex4ht/html4.4ht
version 2020-03-16-10:43
) (/usr/local/texlive/2020/texmf-dist/tex/generic/tex4ht/unicode.4ht
version 2019-12-28-14:40
) (/usr/local/texlive/2020/texmf-dist/tex/generic/tex4ht/html4-math.4ht
version 2020-03-06-15:07
) (/usr/local/texlive/2020/texmf-dist/tex/generic/tex4ht/svg-option.4ht
version 2018-12-30-09:33
) (/usr/local/texlive/2020/texmf-dist/tex/generic/tex4ht/html5.4ht
version 2019-11-21-13:36
)) (/usr/local/texlive/2020/texmf-dist/tex/generic/tex4ht/eucal.4ht
version 2009-05-21-09:32
(/usr/local/texlive/2020/texmf-dist/tex/generic/tex4ht/html4.4ht
version 2020-03-16-10:43
) (/usr/local/texlive/2020/texmf-dist/tex/generic/tex4ht/unicode.4ht
version 2019-12-28-14:40
) (/usr/local/texlive/2020/texmf-dist/tex/generic/tex4ht/html4-math.4ht
version 2020-03-06-15:07
) (/usr/local/texlive/2020/texmf-dist/tex/generic/tex4ht/svg-option.4ht
version 2018-12-30-09:33
) (/usr/local/texlive/2020/texmf-dist/tex/generic/tex4ht/html5.4ht
version 2019-11-21-13:36
)) (/usr/local/texlive/2020/texmf-dist/tex/generic/tex4ht/ulem.4ht
version 2009-05-21-09:32
(/usr/local/texlive/2020/texmf-dist/tex/generic/tex4ht/html4.4ht
version 2020-03-16-10:43
) (/usr/local/texlive/2020/texmf-dist/tex/generic/tex4ht/unicode.4ht
version 2019-12-28-14:40
) (/usr/local/texlive/2020/texmf-dist/tex/generic/tex4ht/html4-math.4ht
version 2020-03-06-15:07
) (/usr/local/texlive/2020/texmf-dist/tex/generic/tex4ht/svg-option.4ht
version 2018-12-30-09:33
) (/usr/local/texlive/2020/texmf-dist/tex/generic/tex4ht/html5.4ht
version 2019-11-21-13:36
)) (/usr/local/texlive/2020/texmf-dist/tex/generic/tex4ht/bm.4ht
version 2009-05-21-09:32
(/usr/local/texlive/2020/texmf-dist/tex/generic/tex4ht/html4.4ht
version 2020-03-16-10:43
) (/usr/local/texlive/2020/texmf-dist/tex/generic/tex4ht/unicode.4ht
version 2019-12-28-14:40
) (/usr/local/texlive/2020/texmf-dist/tex/generic/tex4ht/html4-math.4ht
version 2020-03-06-15:07
) (/usr/local/texlive/2020/texmf-dist/tex/generic/tex4ht/svg-option.4ht
version 2018-12-30-09:33
) (/usr/local/texlive/2020/texmf-dist/tex/generic/tex4ht/html5.4ht
version 2019-11-21-13:36
)) (/usr/local/texlive/2020/texmf-dist/tex/generic/tex4ht/url.4ht
version 2009-05-21-09:32
(/usr/local/texlive/2020/texmf-dist/tex/generic/tex4ht/html4.4ht
version 2020-03-16-10:43
--------------------------------------
--- Note --- for URL encoding within href use the command line option `url-enc'
--------------------------------------
) (/usr/local/texlive/2020/texmf-dist/tex/generic/tex4ht/unicode.4ht
version 2019-12-28-14:40
) (/usr/local/texlive/2020/texmf-dist/tex/generic/tex4ht/html4-math.4ht
version 2020-03-06-15:07
) (/usr/local/texlive/2020/texmf-dist/tex/generic/tex4ht/svg-option.4ht
version 2018-12-30-09:33
) (/usr/local/texlive/2020/texmf-dist/tex/generic/tex4ht/html5.4ht
version 2019-11-21-13:36
)) (/usr/local/texlive/2020/texmf-dist/tex/generic/tex4ht/natbib.4ht (/usr/local/texlive/2020/texmf-dist/tex/generic/tex4ht/html4.4ht
version 2020-03-16-10:43
) (/usr/local/texlive/2020/texmf-dist/tex/generic/tex4ht/unicode.4ht
version 2019-12-28-14:40
) (/usr/local/texlive/2020/texmf-dist/tex/generic/tex4ht/html4-math.4ht
version 2020-03-06-15:07
) (/usr/local/texlive/2020/texmf-dist/tex/generic/tex4ht/svg-option.4ht
version 2018-12-30-09:33
) (/usr/local/texlive/2020/texmf-dist/tex/generic/tex4ht/html5.4ht
version 2019-11-21-13:36
)) (/usr/local/texlive/2020/texmf-dist/tex/generic/tex4ht/footmisc.4ht
version 2019-12-23-13:36
(/usr/local/texlive/2020/texmf-dist/tex/generic/tex4ht/html4.4ht
version 2020-03-16-10:43
) (/usr/local/texlive/2020/texmf-dist/tex/generic/tex4ht/unicode.4ht
version 2019-12-28-14:40
) (/usr/local/texlive/2020/texmf-dist/tex/generic/tex4ht/html4-math.4ht
version 2020-03-06-15:07
) (/usr/local/texlive/2020/texmf-dist/tex/generic/tex4ht/svg-option.4ht
version 2018-12-30-09:33
) (/usr/local/texlive/2020/texmf-dist/tex/generic/tex4ht/html5.4ht
version 2019-11-21-13:36
)) (/usr/local/texlive/2020/texmf-dist/tex/generic/tex4ht/ushort.4ht
version 2009-05-21-09:32
(/usr/local/texlive/2020/texmf-dist/tex/generic/tex4ht/html4.4ht
version 2020-03-16-10:43
) (/usr/local/texlive/2020/texmf-dist/tex/generic/tex4ht/unicode.4ht
version 2019-12-28-14:40
) (/usr/local/texlive/2020/texmf-dist/tex/generic/tex4ht/html4-math.4ht
version 2020-03-06-15:07
) (/usr/local/texlive/2020/texmf-dist/tex/generic/tex4ht/svg-option.4ht
version 2018-12-30-09:33
) (/usr/local/texlive/2020/texmf-dist/tex/generic/tex4ht/html5.4ht
version 2019-11-21-13:36
)) (/usr/local/texlive/2020/texmf-dist/tex/generic/tex4ht/graphicx.4ht
version 2018-10-01-14:24
(/usr/local/texlive/2020/texmf-dist/tex/generic/tex4ht/html4.4ht
version 2020-03-16-10:43
) (/usr/local/texlive/2020/texmf-dist/tex/generic/tex4ht/unicode.4ht
version 2019-12-28-14:40
) (/usr/local/texlive/2020/texmf-dist/tex/generic/tex4ht/html4-math.4ht
version 2020-03-06-15:07
) (/usr/local/texlive/2020/texmf-dist/tex/generic/tex4ht/svg-option.4ht
version 2018-12-30-09:33
) (/usr/local/texlive/2020/texmf-dist/tex/generic/tex4ht/html5.4ht
version 2019-11-21-13:36
)) (/usr/local/texlive/2020/texmf-dist/tex/generic/tex4ht/graphics.4ht (/usr/local/texlive/2020/texmf-dist/tex/generic/tex4ht/html4.4ht
version 2020-03-16-10:43
--------------------------------------
--- Note --- if included graphics are of degraded quality, try the command line options `graphics-num' or `graphics-'. The `num' should provide the density of pixels in the bitmaps (e.g., 110). 
--------------------------------------
--------------------------------------
--- Note --- for key dimensions try the option `Gin-dim'; for key dimensions when bounding box is unavailable try `Gin-dim+'; neither is recommended
--------------------------------------
) (/usr/local/texlive/2020/texmf-dist/tex/generic/tex4ht/unicode.4ht
version 2019-12-28-14:40
) (/usr/local/texlive/2020/texmf-dist/tex/generic/tex4ht/html4-math.4ht
version 2020-03-06-15:07
) (/usr/local/texlive/2020/texmf-dist/tex/generic/tex4ht/svg-option.4ht
version 2018-12-30-09:33
) (/usr/local/texlive/2020/texmf-dist/tex/generic/tex4ht/html5.4ht
version 2019-11-21-13:36
)) (/usr/local/texlive/2020/texmf-dist/tex/generic/tex4ht/hyperref.4ht
version 2019-09-14-15:17
(/usr/local/texlive/2020/texmf-dist/tex/latex/hyperref/nameref.sty
Package: nameref 2019/09/16 v2.46 Cross-referencing by name of section
(/usr/local/texlive/2020/texmf-dist/tex/latex/refcount/refcount.sty
Package: refcount 2019/12/15 v3.6 Data extraction from label references (HO)
) (/usr/local/texlive/2020/texmf-dist/tex/generic/gettitlestring/gettitlestring.sty
Package: gettitlestring 2019/12/15 v1.6 Cleanup title references (HO)
)
\c@section@level=\count319
) (/usr/local/texlive/2020/texmf-dist/tex/generic/tex4ht/nameref.4ht
version 2019-12-23-13:36
(/usr/local/texlive/2020/texmf-dist/tex/generic/tex4ht/html4.4ht
version 2020-03-16-10:43
) (/usr/local/texlive/2020/texmf-dist/tex/generic/tex4ht/unicode.4ht
version 2019-12-28-14:40
) (/usr/local/texlive/2020/texmf-dist/tex/generic/tex4ht/html4-math.4ht
version 2020-03-06-15:07
) (/usr/local/texlive/2020/texmf-dist/tex/generic/tex4ht/svg-option.4ht
version 2018-12-30-09:33
) (/usr/local/texlive/2020/texmf-dist/tex/generic/tex4ht/html5.4ht
version 2019-11-21-13:36
))
LaTeX Info: Redefining \autoref on input line 95.
\Hy@SectionHShift=\skip86
(/usr/local/texlive/2020/texmf-dist/tex/generic/tex4ht/html4.4ht
version 2020-03-16-10:43
) (/usr/local/texlive/2020/texmf-dist/tex/generic/tex4ht/unicode.4ht
version 2019-12-28-14:40
) (/usr/local/texlive/2020/texmf-dist/tex/generic/tex4ht/html4-math.4ht
version 2020-03-06-15:07
) (/usr/local/texlive/2020/texmf-dist/tex/generic/tex4ht/svg-option.4ht
version 2018-12-30-09:33
) (/usr/local/texlive/2020/texmf-dist/tex/generic/tex4ht/html5.4ht
version 2019-11-21-13:36
)) (/usr/local/texlive/2020/texmf-dist/tex/generic/tex4ht/pd1enc.4ht
version 2009-05-21-09:32
(/usr/local/texlive/2020/texmf-dist/tex/generic/tex4ht/html4.4ht
version 2020-03-16-10:43
) (/usr/local/texlive/2020/texmf-dist/tex/generic/tex4ht/unicode.4ht
version 2019-12-28-14:40
) (/usr/local/texlive/2020/texmf-dist/tex/generic/tex4ht/html4-math.4ht
version 2020-03-06-15:07
) (/usr/local/texlive/2020/texmf-dist/tex/generic/tex4ht/svg-option.4ht
version 2018-12-30-09:33
) (/usr/local/texlive/2020/texmf-dist/tex/generic/tex4ht/html5.4ht
version 2019-11-21-13:36
)) (/usr/local/texlive/2020/texmf-dist/tex/generic/tex4ht/html4.4ht
version 2020-03-16-10:43
) (/usr/local/texlive/2020/texmf-dist/tex/generic/tex4ht/unicode.4ht
version 2019-12-28-14:40
) (/usr/local/texlive/2020/texmf-dist/tex/generic/tex4ht/html4-math.4ht
version 2020-03-06-15:07
) (/usr/local/texlive/2020/texmf-dist/tex/generic/tex4ht/svg-option.4ht
version 2018-12-30-09:33
) (/usr/local/texlive/2020/texmf-dist/tex/generic/tex4ht/html5.4ht
version 2019-11-21-13:36
)) (./cctwMoM.aux)
\openout1 = `cctwMoM.aux'.

LaTeX Font Info:    Checking defaults for OML/cmm/m/it on input line 81.
LaTeX Font Info:    ... okay on input line 81.
LaTeX Font Info:    Checking defaults for OMS/cmsy/m/n on input line 81.
LaTeX Font Info:    ... okay on input line 81.
LaTeX Font Info:    Checking defaults for OT1/cmr/m/n on input line 81.
LaTeX Font Info:    ... okay on input line 81.
LaTeX Font Info:    Checking defaults for T1/cmr/m/n on input line 81.
LaTeX Font Info:    ... okay on input line 81.
LaTeX Font Info:    Checking defaults for TS1/cmr/m/n on input line 81.
LaTeX Font Info:    ... okay on input line 81.
LaTeX Font Info:    Checking defaults for OMX/cmex/m/n on input line 81.
LaTeX Font Info:    ... okay on input line 81.
LaTeX Font Info:    Checking defaults for U/cmr/m/n on input line 81.
LaTeX Font Info:    ... okay on input line 81.
LaTeX Font Info:    Checking defaults for T3/cmr/m/n on input line 81.
LaTeX Font Info:    Trying to load font information for T3+cmr on input line 81.
(/usr/local/texlive/2020/texmf-dist/tex/latex/tipa/t3cmr.fd
File: t3cmr.fd 2001/12/31 TIPA font definitions
)
LaTeX Font Info:    ... okay on input line 81.
LaTeX Font Info:    Checking defaults for PD1/pdf/m/n on input line 81.
LaTeX Font Info:    ... okay on input line 81.
LaTeX Font Info:    Checking defaults for PU/pdf/m/n on input line 81.
LaTeX Font Info:    ... okay on input line 81.
Package scrbase Info: activating english \contentsname on input line 81.
Package scrbase Info: activating english \listfigurename on input line 81.
Package scrbase Info: activating english \listtablename on input line 81.
(/usr/local/texlive/2020/texmf-dist/tex/latex/translations/translations-basic-dictionary-english.trsl
File: translations-basic-dictionary-english.trsl (english translation file `translations-basic-dictionary')
)
Package translations Info: loading dictionary `translations-basic-dictionary' for `english'. on input line 81.
\AtBeginShipoutBox=\box108
Package hyperref Info: Link coloring ON on input line 81.
LaTeX Info: Redefining \ref on input line 81.
LaTeX Info: Redefining \pageref on input line 81.
LaTeX Info: Redefining \nameref on input line 81.
Class scrartcl Info: loading recommended package `bookmark'.
(scrartcl)           Using `bookmark' together with `hyperref' is recommended,
(scrartcl)           because of handling of possible bookmark level gaps.
(scrartcl)           You can avoid loading `bookmark' with KOMA-Script option
(scrartcl)           `bookmarkpackage=false' before \begin{document} and
(scrartcl)           you can avoid this message adding:
(scrartcl)             \usepackage{bookmark}
(scrartcl)           before \begin{document} on input line 81.
(/usr/local/texlive/2020/texmf-dist/tex/latex/bookmark/bookmark.sty
Package: bookmark 2019/12/03 v1.28 PDF bookmarks (HO)
(/usr/local/texlive/2020/texmf-dist/tex/latex/bookmark/bkm-dvips.def
File: bkm-dvips.def 2019/12/03 v1.28 bookmark driver for dvips (HO)
(/usr/local/texlive/2020/texmf-dist/tex/latex/atveryend/atveryend.sty
Package: atveryend 2019-12-11 v1.11 Hooks at the very end of document (HO)
)
Package auxhook Info: \AddLineBeginMainAux comes a little late,
(auxhook)             because the main .aux file is already opened on input line 213.
\BKM@id=\count320
))
--- file cctwMoM.css ---
\c=\count321
)
LaTeX Font Info:    Trying to load font information for U+msa on input line 70.
(/usr/local/texlive/2020/texmf-dist/tex/latex/amsfonts/umsa.fd
File: umsa.fd 2013/01/14 v3.01 AMS symbols A
)
LaTeX Font Info:    Trying to load font information for U+msb on input line 70.
(/usr/local/texlive/2020/texmf-dist/tex/latex/amsfonts/umsb.fd
File: umsb.fd 2013/01/14 v3.01 AMS symbols B
)
LaTeX Font Info:    Trying to load font information for U+lasy on input line 70.
(/usr/local/texlive/2020/texmf-dist/tex/latex/base/ulasy.fd
File: ulasy.fd 1998/08/17 v2.2e LaTeX symbol font definitions
)
LaTeX Font Info:    Trying to load font information for U+wasy on input line 70.
(/usr/local/texlive/2020/texmf-dist/tex/latex/wasysym/uwasy.fd
File: uwasy.fd 2020/01/19 v2.4 Wasy-2 symbol font definitions
)
LaTeX Font Info:    Trying to load font information for T1+cmtt on input line 102.
(/usr/local/texlive/2020/texmf-dist/tex/latex/base/t1cmtt.fd
File: t1cmtt.fd 2019/12/16 v2.5j Standard LaTeX font definitions
) [1

runsystem(rm ./Figures/List.tex )...executed.

runsystem(touch ./Figures/List.tex )...executed.

] [2] [3] (./Equations/MaxProb.tex
l. 1 Writing cctwMoM.idv[1] (cctwMoM0x.svg)
[4]) (./Equations/DBCLevelStart.tex
l. 1 Writing cctwMoM.idv[2] (cctwMoM1x.svg)
) (./Equations/Defns.tex
l. 1 Writing cctwMoM.idv[3] (cctwMoM2x.svg)
[5]) (./Equations/ExogVars.tex
l. 1 Writing cctwMoM.idv[4] (cctwMoM3x.svg)
)

Package natbib Warning: Citation `SolvingMicroDSOPs' on page 6 undefined on input line 168.

l. 171 Writing cctwMoM.idv[5] (cctwMoM4x.svg)
(./Equations/vNormed.tex
l. 1 Writing cctwMoM.idv[6] (cctwMoM5x.svg)
[6]) (./Equations/cEuler.tex
l. 1 Writing cctwMoM.idv[7] (cctwMoM6x.svg)
)
l. 178 Writing cctwMoM.idv[8] (cctwMoM7x.svg)
l. 179 Writing cctwMoM.idv[9] (cctwMoM8x.svg)
l. 189 Writing cctwMoM.idv[10] (cctwMoM9x.svg)

Package natbib Warning: Citation `SolvingMicroDSOPs' on page 7 undefined on input line 194.

l. 197 Writing cctwMoM.idv[11] (cctwMoM10x.svg)
(././cctwMoM/EndogGptsProbs.tex
l. 9 Writing cctwMoM.idv[12] (cctwMoM11x.svg)
l. 10 Writing cctwMoM.idv[13] (cctwMoM12x.svg)
[7] [8] [9

]
l. 18 --- needs --- ././Figures/ExtrapProblemPlot.png ---
l. 19 Writing cctwMoM.idv[14] (cctwMoM13x.svg)
[10

]) (././cctwMoM/MoM-Prelims.tex
l. 1 Writing cctwMoM.idv[15] (cctwMoM14x.svg)
LaTeX Font Info:    Trying to load font information for U+euf on input line 1.
(/usr/local/texlive/2020/texmf-dist/tex/latex/amsfonts/ueuf.fd
File: ueuf.fd 2013/01/14 v3.01 Euler Fraktur
)
l. 8 Writing cctwMoM.idv[16] (cctwMoM15x.svg)
--- file cctwMoM2.html ---
l. 10 Writing cctwMoM.idv[17] (cctwMoM16x.svg)
l. 10 Writing cctwMoM.idv[18] (cctwMoM17x.svg)
) (./Equations/cFuncAbove.tex
l. 1 Writing cctwMoM.idv[19] (cctwMoM18x.svg)
l. 4 Writing cctwMoM.idv[20] (cctwMoM19x.svg)
) (././cctwMoM/MoM-Words.tex
l. 1 Writing cctwMoM.idv[21] (cctwMoM20x.svg)
l. 6 Writing cctwMoM.idv[22] (cctwMoM21x.svg)
[11


]
l. 13 Writing cctwMoM.idv[23] (cctwMoM22x.svg)
l. 14 Writing cctwMoM.idv[24] (cctwMoM23x.svg)
l. 17 Writing cctwMoM.idv[25] (cctwMoM24x.svg)
l. 19 Writing cctwMoM.idv[26] (cctwMoM25x.svg)
l. 25 Writing cctwMoM.idv[27] (cctwMoM26x.svg)
l. 26 Writing cctwMoM.idv[28] (cctwMoM27x.svg)
l. 26 Writing cctwMoM.idv[29] (cctwMoM28x.svg)
l. 32 Writing cctwMoM.idv[30] (cctwMoM29x.svg)
l. 40 Writing cctwMoM.idv[31] (cctwMoM30x.svg)
l. 42 Writing cctwMoM.idv[32] (cctwMoM31x.svg)
[12]
l. 50 Writing cctwMoM.idv[33] (cctwMoM32x.svg)
l. 59 Writing cctwMoM.idv[34] (cctwMoM33x.svg)
) (./Figures/IntExpFOCInvPesReaOptNeedHiPlot.tex [13] [14

]
l. 3 --- needs --- ./Figures/IntExpFOCInvPesReaOptNeedHiPlot.png ---
l. 4 Writing cctwMoM.idv[35] (cctwMoM34x.svg)
[15

]) (././cctwMoM/MoM-Words-Rest.tex) (./Equations/MoM-Inequalities.tex
l. 2 Writing cctwMoM.idv[36] (cctwMoM35x.svg)
) (././cctwMoM/MoM-Inequalities-Describe.tex) (./Equations/MoM-KoppaOfMu.tex
l. 1 Writing cctwMoM.idv[37] (cctwMoM36x.svg)
l. 2 Writing cctwMoM.idv[38] (cctwMoM37x.svg)
l. 2 Writing cctwMoM.idv[39] (cctwMoM38x.svg)
l. 3 Writing cctwMoM.idv[40] (cctwMoM39x.svg)
l. 7 Writing cctwMoM.idv[41] (cctwMoM40x.svg)
[16

]) (././cctwMoM/MoM-KoppaOfMu-Describe.tex
l. 1 Writing cctwMoM.idv[42] (cctwMoM41x.svg)
l. 1 Writing cctwMoM.idv[43] (cctwMoM42x.svg)
l. 3 Writing cctwMoM.idv[44] (cctwMoM43x.svg)
) (./Equations/cFuncHi.tex
l. 1 Writing cctwMoM.idv[45] (cctwMoM44x.svg)
) (././cctwMoM/MoM-End.tex
l. 2 Writing cctwMoM.idv[46] (cctwMoM45x.svg)
l. 3 Writing cctwMoM.idv[47] (cctwMoM46x.svg)
l. 3 Writing cctwMoM.idv[48] (cctwMoM47x.svg)
l. 5 Writing cctwMoM.idv[49] (cctwMoM48x.svg)
l. 6 Writing cctwMoM.idv[50] (cctwMoM49x.svg)
l. 6 Writing cctwMoM.idv[51] (cctwMoM50x.svg)
l. 6 Writing cctwMoM.idv[52] (cctwMoM51x.svg)
[17] [18

]
l. 21 --- needs --- ././Figures/ExtrapProblemSolvedPlot.png ---
l. 22 Writing cctwMoM.idv[53] (cctwMoM52x.svg)
[19

]) (././cctwMoM/value-Intro.tex
l. 4 Writing cctwMoM.idv[54] (cctwMoM53x.svg)
l. 5 Writing cctwMoM.idv[55] (cctwMoM54x.svg)
l. 12 Writing cctwMoM.idv[56] (cctwMoM55x.svg)
) (./Equations/vFuncPF.tex
l. 1 Writing cctwMoM.idv[57] (cctwMoM56x.svg)
[20

]
l. 8 Writing cctwMoM.idv[58] (cctwMoM57x.svg)
l. 11 Writing cctwMoM.idv[59] (cctwMoM58x.svg)
) (././cctwMoM/value-Rest.tex
l. 6 Writing cctwMoM.idv[60] (cctwMoM59x.svg)
l. 7 Writing cctwMoM.idv[61] (cctwMoM60x.svg)
l. 10 Writing cctwMoM.idv[62] (cctwMoM61x.svg)
l. 15 Writing cctwMoM.idv[63] (cctwMoM62x.svg)
[21]
l. 19 Writing cctwMoM.idv[64] (cctwMoM63x.svg)
l. 20 Writing cctwMoM.idv[65] (cctwMoM64x.svg)
l. 22 Writing cctwMoM.idv[66] (cctwMoM65x.svg)
l. 30 Writing cctwMoM.idv[67] (cctwMoM66x.svg)
l. 31 Writing cctwMoM.idv[68] (cctwMoM67x.svg)
l. 40 Writing cctwMoM.idv[69] (cctwMoM68x.svg)
l. 40 Writing cctwMoM.idv[70] (cctwMoM69x.svg)
[22]
l. 43 Writing cctwMoM.idv[71] (cctwMoM70x.svg)
l. 47 Writing cctwMoM.idv[72] (cctwMoM71x.svg)
l. 54 Writing cctwMoM.idv[73] (cctwMoM72x.svg)
l. 56 Writing cctwMoM.idv[74] (cctwMoM73x.svg)
l. 57 Writing cctwMoM.idv[75] (cctwMoM74x.svg)
) (././cctwMoM/Tighter.tex [23]
l. 1 Writing cctwMoM.idv[76] (cctwMoM75x.svg)
l. 1 Writing cctwMoM.idv[77] (cctwMoM76x.svg)
l. 5 Writing cctwMoM.idv[78] (cctwMoM77x.svg)
) (./Equations/mtCusp.tex
l. 1 Writing cctwMoM.idv[79] (cctwMoM78x.svg)
l. 3 Writing cctwMoM.idv[80] (cctwMoM79x.svg)
) (./Equations/TighterUpperBound.tex
l. 1 Writing cctwMoM.idv[81] (cctwMoM80x.svg)
[24]
l. 4 Writing cctwMoM.idv[82] (cctwMoM81x.svg)
) (./Equations/koppaLo.tex
l. 1 Writing cctwMoM.idv[83] (cctwMoM82x.svg)
l. 2 Writing cctwMoM.idv[84] (cctwMoM83x.svg)
) (././cctwMoM/TighterThreeFuncs.tex
l. 1 Writing cctwMoM.idv[85] (cctwMoM84x.svg)
l. 2 Writing cctwMoM.idv[86] (cctwMoM85x.svg)
l. 2 Writing cctwMoM.idv[87] (cctwMoM86x.svg)
l. 2 Writing cctwMoM.idv[88] (cctwMoM87x.svg)
l. 3 Writing cctwMoM.idv[89] (cctwMoM88x.svg)
l. 3 Writing cctwMoM.idv[90] (cctwMoM89x.svg)
l. 3 Writing cctwMoM.idv[91] (cctwMoM90x.svg)
l. 6 Writing cctwMoM.idv[92] (cctwMoM91x.svg)
l. 7 Writing cctwMoM.idv[93] (cctwMoM92x.svg)
l. 8 Writing cctwMoM.idv[94] (cctwMoM93x.svg)
l. 10 Writing cctwMoM.idv[95] (cctwMoM94x.svg)
l. 12 Writing cctwMoM.idv[96] (cctwMoM95x.svg)
l. 13 Writing cctwMoM.idv[97] (cctwMoM96x.svg)
l. 13 Writing cctwMoM.idv[98] (cctwMoM97x.svg)
l. 14 Writing cctwMoM.idv[99] (cctwMoM98x.svg)
l. 16 Writing cctwMoM.idv[100] (cctwMoM99x.svg)
) (./Equations/TighterThreeEqns.tex
l. 1 Writing cctwMoM.idv[101] (cctwMoM100x.svg)
[25]
l. 7 Writing cctwMoM.idv[102] (cctwMoM101x.svg)
) (././cctwMoM/TighterThreeFuncsExplain.tex
l. 20 Writing cctwMoM.idv[103] (cctwMoM102x.svg)
l. 22 Writing cctwMoM.idv[104] (cctwMoM103x.svg)
l. 25 Writing cctwMoM.idv[105] (cctwMoM104x.svg)
[26]
l. 31 Writing cctwMoM.idv[106] (cctwMoM105x.svg)
l. 32 Writing cctwMoM.idv[107] (cctwMoM106x.svg)
l. 35 Writing cctwMoM.idv[108] (cctwMoM107x.svg)
l. 35 Writing cctwMoM.idv[109] (cctwMoM108x.svg)
l. 36 Writing cctwMoM.idv[110] (cctwMoM109x.svg)
l. 39 Writing cctwMoM.idv[111] (cctwMoM110x.svg)
l. 40 Writing cctwMoM.idv[112] (cctwMoM111x.svg)
[27]
l. 43 Writing cctwMoM.idv[113] (cctwMoM112x.svg)
l. 46 Writing cctwMoM.idv[114] (cctwMoM113x.svg)
l. 46 Writing cctwMoM.idv[115] (cctwMoM114x.svg)
) [28] [29

]
l. 241 --- needs --- ./Figures/IntExpFOCInvPesReaOptNeed45Plot.png ---
[30

] [31

] (./cctwMoM.bbl)

Package natbib Warning: There were undefined citations.

Package atveryend Info: Empty hook `BeforeClearDocument' on input line 278.
[32

]
Package atveryend Info: Executing hook `AfterLastShipout' on input line 278.
\BKM@file=\write6
\openout6 = `cctwMoM.out.ps'.

(./cctwMoM.aux)
Package atveryend Info: Empty hook `AtVeryEndDocument' on input line 278.
\snap@out=\write7
\openout7 = `cctwMoM.dep'.

Dependency list written on cctwMoM.dep.
Package atveryend Info: Empty hook `AtEndAfterFileList' on input line 278.
 ) 
Here is how much of TeX's memory you used:
 25400 strings out of 480609
 417722 string characters out of 5903657
 864696 words of memory out of 5000000
 40253 multiletter control sequences out of 15000+600000
 562636 words of font info for 109 fonts, out of 8000000 for 9000
 1141 hyphenation exceptions out of 8191
 57i,32n,89p,10650b,610s stack positions out of 5000i,500n,10000p,200000b,80000s

Output written on cctwMoM.dvi (32 pages, 103152 bytes).
